<?xml version="1.0" encoding="UTF-8"?>
<testsuite name="com.bloomshoppingcomplex.PopulateStores" tests="1" skipped="0" failures="1" errors="0" timestamp="2022-04-04T19:53:21" hostname="LAPTOP-0NRDJM4M" time="1.366">
  <properties/>
  <testcase name="StoresTable()" classname="com.bloomshoppingcomplex.PopulateStores" time="1.366">
    <failure message="com.amazonaws.services.dynamodbv2.model.ResourceNotFoundException: Requested resource not found (Service: AmazonDynamoDBv2; Status Code: 400; Error Code: ResourceNotFoundException; Request ID: V14LTDACNET6BVHC792VMJJ7FBVV4KQNSO5AEMVJF66Q9ASUAAJG; Proxy: null)" type="com.amazonaws.services.dynamodbv2.model.ResourceNotFoundException">com.amazonaws.services.dynamodbv2.model.ResourceNotFoundException: Requested resource not found (Service: AmazonDynamoDBv2; Status Code: 400; Error Code: ResourceNotFoundException; Request ID: V14LTDACNET6BVHC792VMJJ7FBVV4KQNSO5AEMVJF66Q9ASUAAJG; Proxy: null)
	at com.amazonaws.http.AmazonHttpClient$RequestExecutor.handleErrorResponse(AmazonHttpClient.java:1819)
	at com.amazonaws.http.AmazonHttpClient$RequestExecutor.handleServiceErrorResponse(AmazonHttpClient.java:1403)
	at com.amazonaws.http.AmazonHttpClient$RequestExecutor.executeOneRequest(AmazonHttpClient.java:1372)
	at com.amazonaws.http.AmazonHttpClient$RequestExecutor.executeHelper(AmazonHttpClient.java:1145)
	at com.amazonaws.http.AmazonHttpClient$RequestExecutor.doExecute(AmazonHttpClient.java:802)
	at com.amazonaws.http.AmazonHttpClient$RequestExecutor.executeWithTimer(AmazonHttpClient.java:770)
	at com.amazonaws.http.AmazonHttpClient$RequestExecutor.execute(AmazonHttpClient.java:744)
	at com.amazonaws.http.AmazonHttpClient$RequestExecutor.access$500(AmazonHttpClient.java:704)
	at com.amazonaws.http.AmazonHttpClient$RequestExecutionBuilderImpl.execute(AmazonHttpClient.java:686)
	at com.amazonaws.http.AmazonHttpClient.execute(AmazonHttpClient.java:550)
	at com.amazonaws.http.AmazonHttpClient.execute(AmazonHttpClient.java:530)
	at com.amazonaws.services.dynamodbv2.AmazonDynamoDBClient.doInvoke(AmazonDynamoDBClient.java:6214)
	at com.amazonaws.services.dynamodbv2.AmazonDynamoDBClient.invoke(AmazonDynamoDBClient.java:6181)
	at com.amazonaws.services.dynamodbv2.AmazonDynamoDBClient.executeUpdateItem(AmazonDynamoDBClient.java:5794)
	at com.amazonaws.services.dynamodbv2.AmazonDynamoDBClient.updateItem(AmazonDynamoDBClient.java:5758)
	at com.amazonaws.services.dynamodbv2.datamodeling.DynamoDBMapper$SaveObjectHandler.doUpdateItem(DynamoDBMapper.java:871)
	at com.amazonaws.services.dynamodbv2.datamodeling.DynamoDBMapper$2.executeLowLevelRequest(DynamoDBMapper.java:611)
	at com.amazonaws.services.dynamodbv2.datamodeling.DynamoDBMapper$SaveObjectHandler.execute(DynamoDBMapper.java:750)
	at com.amazonaws.services.dynamodbv2.datamodeling.DynamoDBMapper.save(DynamoDBMapper.java:640)
	at com.amazonaws.services.dynamodbv2.datamodeling.AbstractDynamoDBMapper.save(AbstractDynamoDBMapper.java:123)
	at com.bloomshoppingcomplex.DynamoDB.StoreDao.saveStore(StoreDao.java:40)
	at com.bloomshoppingcomplex.PopulateStores.StoresTable(PopulateStores.java:105)
	at java.base/jdk.internal.reflect.NativeMethodAccessorImpl.invoke0(Native Method)
	at java.base/jdk.internal.reflect.NativeMethodAccessorImpl.invoke(NativeMethodAccessorImpl.java:62)
	at java.base/jdk.internal.reflect.DelegatingMethodAccessorImpl.invoke(DelegatingMethodAccessorImpl.java:43)
	at java.base/java.lang.reflect.Method.invoke(Method.java:566)
	at org.junit.platform.commons.util.ReflectionUtils.invokeMethod(ReflectionUtils.java:688)
	at org.junit.jupiter.engine.execution.MethodInvocation.proceed(MethodInvocation.java:60)
	at org.junit.jupiter.engine.execution.InvocationInterceptorChain$ValidatingInvocation.proceed(InvocationInterceptorChain.java:131)
	at org.junit.jupiter.engine.extension.TimeoutExtension.intercept(TimeoutExtension.java:149)
	at org.junit.jupiter.engine.extension.TimeoutExtension.interceptTestableMethod(TimeoutExtension.java:140)
	at org.junit.jupiter.engine.extension.TimeoutExtension.interceptTestMethod(TimeoutExtension.java:84)
	at org.junit.jupiter.engine.execution.ExecutableInvoker$ReflectiveInterceptorCall.lambda$ofVoidMethod$0(ExecutableInvoker.java:115)
	at org.junit.jupiter.engine.execution.ExecutableInvoker.lambda$invoke$0(ExecutableInvoker.java:105)
	at org.junit.jupiter.engine.execution.InvocationInterceptorChain$InterceptedInvocation.proceed(InvocationInterceptorChain.java:106)
	at org.junit.jupiter.engine.execution.InvocationInterceptorChain.proceed(InvocationInterceptorChain.java:64)
	at org.junit.jupiter.engine.execution.InvocationInterceptorChain.chainAndInvoke(InvocationInterceptorChain.java:45)
	at org.junit.jupiter.engine.execution.InvocationInterceptorChain.invoke(InvocationInterceptorChain.java:37)
	at org.junit.jupiter.engine.execution.ExecutableInvoker.invoke(ExecutableInvoker.java:104)
	at org.junit.jupiter.engine.execution.ExecutableInvoker.invoke(ExecutableInvoker.java:98)
	at org.junit.jupiter.engine.descriptor.TestMethodTestDescriptor.lambda$invokeTestMethod$6(TestMethodTestDescriptor.java:210)
	at org.junit.platform.engine.support.hierarchical.ThrowableCollector.execute(ThrowableCollector.java:73)
	at org.junit.jupiter.engine.descriptor.TestMethodTestDescriptor.invokeTestMethod(TestMethodTestDescriptor.java:206)
	at org.junit.jupiter.engine.descriptor.TestMethodTestDescriptor.execute(TestMethodTestDescriptor.java:131)
	at org.junit.jupiter.engine.descriptor.TestMethodTestDescriptor.execute(TestMethodTestDescriptor.java:65)
	at org.junit.platform.engine.support.hierarchical.NodeTestTask.lambda$executeRecursively$5(NodeTestTask.java:139)
	at org.junit.platform.engine.support.hierarchical.ThrowableCollector.execute(ThrowableCollector.java:73)
	at org.junit.platform.engine.support.hierarchical.NodeTestTask.lambda$executeRecursively$7(NodeTestTask.java:129)
	at org.junit.platform.engine.support.hierarchical.Node.around(Node.java:137)
	at org.junit.platform.engine.support.hierarchical.NodeTestTask.lambda$executeRecursively$8(NodeTestTask.java:127)
	at org.junit.platform.engine.support.hierarchical.ThrowableCollector.execute(ThrowableCollector.java:73)
	at org.junit.platform.engine.support.hierarchical.NodeTestTask.executeRecursively(NodeTestTask.java:126)
	at org.junit.platform.engine.support.hierarchical.NodeTestTask.execute(NodeTestTask.java:84)
	at java.base/java.util.ArrayList.forEach(ArrayList.java:1541)
	at org.junit.platform.engine.support.hierarchical.SameThreadHierarchicalTestExecutorService.invokeAll(SameThreadHierarchicalTestExecutorService.java:38)
	at org.junit.platform.engine.support.hierarchical.NodeTestTask.lambda$executeRecursively$5(NodeTestTask.java:143)
	at org.junit.platform.engine.support.hierarchical.ThrowableCollector.execute(ThrowableCollector.java:73)
	at org.junit.platform.engine.support.hierarchical.NodeTestTask.lambda$executeRecursively$7(NodeTestTask.java:129)
	at org.junit.platform.engine.support.hierarchical.Node.around(Node.java:137)
	at org.junit.platform.engine.support.hierarchical.NodeTestTask.lambda$executeRecursively$8(NodeTestTask.java:127)
	at org.junit.platform.engine.support.hierarchical.ThrowableCollector.execute(ThrowableCollector.java:73)
	at org.junit.platform.engine.support.hierarchical.NodeTestTask.executeRecursively(NodeTestTask.java:126)
	at org.junit.platform.engine.support.hierarchical.NodeTestTask.execute(NodeTestTask.java:84)
	at java.base/java.util.ArrayList.forEach(ArrayList.java:1541)
	at org.junit.platform.engine.support.hierarchical.SameThreadHierarchicalTestExecutorService.invokeAll(SameThreadHierarchicalTestExecutorService.java:38)
	at org.junit.platform.engine.support.hierarchical.NodeTestTask.lambda$executeRecursively$5(NodeTestTask.java:143)
	at org.junit.platform.engine.support.hierarchical.ThrowableCollector.execute(ThrowableCollector.java:73)
	at org.junit.platform.engine.support.hierarchical.NodeTestTask.lambda$executeRecursively$7(NodeTestTask.java:129)
	at org.junit.platform.engine.support.hierarchical.Node.around(Node.java:137)
	at org.junit.platform.engine.support.hierarchical.NodeTestTask.lambda$executeRecursively$8(NodeTestTask.java:127)
	at org.junit.platform.engine.support.hierarchical.ThrowableCollector.execute(ThrowableCollector.java:73)
	at org.junit.platform.engine.support.hierarchical.NodeTestTask.executeRecursively(NodeTestTask.java:126)
	at org.junit.platform.engine.support.hierarchical.NodeTestTask.execute(NodeTestTask.java:84)
	at org.junit.platform.engine.support.hierarchical.SameThreadHierarchicalTestExecutorService.submit(SameThreadHierarchicalTestExecutorService.java:32)
	at org.junit.platform.engine.support.hierarchical.HierarchicalTestExecutor.execute(HierarchicalTestExecutor.java:57)
	at org.junit.platform.engine.support.hierarchical.HierarchicalTestEngine.execute(HierarchicalTestEngine.java:51)
	at org.junit.platform.launcher.core.EngineExecutionOrchestrator.execute(EngineExecutionOrchestrator.java:107)
	at org.junit.platform.launcher.core.EngineExecutionOrchestrator.execute(EngineExecutionOrchestrator.java:88)
	at org.junit.platform.launcher.core.EngineExecutionOrchestrator.lambda$execute$0(EngineExecutionOrchestrator.java:54)
	at org.junit.platform.launcher.core.EngineExecutionOrchestrator.withInterceptedStreams(EngineExecutionOrchestrator.java:67)
	at org.junit.platform.launcher.core.EngineExecutionOrchestrator.execute(EngineExecutionOrchestrator.java:52)
	at org.junit.platform.launcher.core.DefaultLauncher.execute(DefaultLauncher.java:114)
	at org.junit.platform.launcher.core.DefaultLauncher.execute(DefaultLauncher.java:86)
	at org.junit.platform.launcher.core.DefaultLauncherSession$DelegatingLauncher.execute(DefaultLauncherSession.java:86)
	at org.junit.platform.launcher.core.SessionPerRequestLauncher.execute(SessionPerRequestLauncher.java:53)
	at org.gradle.api.internal.tasks.testing.junitplatform.JUnitPlatformTestClassProcessor$CollectAllTestClassesExecutor.processAllTestClasses(JUnitPlatformTestClassProcessor.java:99)
	at org.gradle.api.internal.tasks.testing.junitplatform.JUnitPlatformTestClassProcessor$CollectAllTestClassesExecutor.access$000(JUnitPlatformTestClassProcessor.java:79)
	at org.gradle.api.internal.tasks.testing.junitplatform.JUnitPlatformTestClassProcessor.stop(JUnitPlatformTestClassProcessor.java:75)
	at org.gradle.api.internal.tasks.testing.SuiteTestClassProcessor.stop(SuiteTestClassProcessor.java:61)
	at java.base/jdk.internal.reflect.NativeMethodAccessorImpl.invoke0(Native Method)
	at java.base/jdk.internal.reflect.NativeMethodAccessorImpl.invoke(NativeMethodAccessorImpl.java:62)
	at java.base/jdk.internal.reflect.DelegatingMethodAccessorImpl.invoke(DelegatingMethodAccessorImpl.java:43)
	at java.base/java.lang.reflect.Method.invoke(Method.java:566)
	at org.gradle.internal.dispatch.ReflectionDispatch.dispatch(ReflectionDispatch.java:36)
	at org.gradle.internal.dispatch.ReflectionDispatch.dispatch(ReflectionDispatch.java:24)
	at org.gradle.internal.dispatch.ContextClassLoaderDispatch.dispatch(ContextClassLoaderDispatch.java:33)
	at org.gradle.internal.dispatch.ProxyDispatchAdapter$DispatchingInvocationHandler.invoke(ProxyDispatchAdapter.java:94)
	at com.sun.proxy.$Proxy2.stop(Unknown Source)
	at org.gradle.api.internal.tasks.testing.worker.TestWorker.stop(TestWorker.java:135)
	at java.base/jdk.internal.reflect.NativeMethodAccessorImpl.invoke0(Native Method)
	at java.base/jdk.internal.reflect.NativeMethodAccessorImpl.invoke(NativeMethodAccessorImpl.java:62)
	at java.base/jdk.internal.reflect.DelegatingMethodAccessorImpl.invoke(DelegatingMethodAccessorImpl.java:43)
	at java.base/java.lang.reflect.Method.invoke(Method.java:566)
	at org.gradle.internal.dispatch.ReflectionDispatch.dispatch(ReflectionDispatch.java:36)
	at org.gradle.internal.dispatch.ReflectionDispatch.dispatch(ReflectionDispatch.java:24)
	at org.gradle.internal.remote.internal.hub.MessageHubBackedObjectConnection$DispatchWrapper.dispatch(MessageHubBackedObjectConnection.java:182)
	at org.gradle.internal.remote.internal.hub.MessageHubBackedObjectConnection$DispatchWrapper.dispatch(MessageHubBackedObjectConnection.java:164)
	at org.gradle.internal.remote.internal.hub.MessageHub$Handler.run(MessageHub.java:414)
	at org.gradle.internal.concurrent.ExecutorPolicy$CatchAndRecordFailures.onExecute(ExecutorPolicy.java:64)
	at org.gradle.internal.concurrent.ManagedExecutorImpl$1.run(ManagedExecutorImpl.java:48)
	at java.base/java.util.concurrent.ThreadPoolExecutor.runWorker(ThreadPoolExecutor.java:1128)
	at java.base/java.util.concurrent.ThreadPoolExecutor$Worker.run(ThreadPoolExecutor.java:628)
	at org.gradle.internal.concurrent.ThreadFactoryImpl$ManagedThreadRunnable.run(ThreadFactoryImpl.java:56)
	at java.base/java.lang.Thread.run(Thread.java:829)
</failure>
  </testcase>
  <system-out><![CDATA[14:53:22.073 [Test worker] WARN com.amazonaws.auth.profile.internal.BasicProfileConfigLoader - Your profile name includes a 'profile ' prefix. This is considered part of the profile name in the Java SDK, so you will need to include this prefix in your profile name when you reference this profile from your Java code.
14:53:22.082 [Test worker] WARN com.amazonaws.auth.profile.internal.BasicProfileConfigLoader - Your profile name includes a 'profile ' prefix. This is considered part of the profile name in the Java SDK, so you will need to include this prefix in your profile name when you reference this profile from your Java code.
14:53:22.109 [Test worker] DEBUG com.amazonaws.AmazonWebServiceClient - Internal logging successfully configured to commons logger: true
14:53:22.174 [Test worker] DEBUG com.amazonaws.metrics.AwsSdkMetrics - Admin mbean registered under com.amazonaws.management:type=AwsSdkMetrics
14:53:22.400 [Test worker] DEBUG com.amazonaws.monitoring.CsmConfigurationProviderChain - Unable to load configuration from com.amazonaws.monitoring.EnvironmentVariableCsmConfigurationProvider@6eb6e9b6: Unable to load Client Side Monitoring configurations from environment variables!
14:53:22.400 [java-sdk-http-connection-reaper] DEBUG org.apache.http.impl.conn.PoolingHttpClientConnectionManager - Closing connections idle longer than 60000 MILLISECONDS
14:53:22.400 [Test worker] DEBUG com.amazonaws.monitoring.CsmConfigurationProviderChain - Unable to load configuration from com.amazonaws.monitoring.SystemPropertyCsmConfigurationProvider@43d5b38d: Unable to load Client Side Monitoring configurations from system properties variables!
14:53:22.402 [Test worker] WARN com.amazonaws.auth.profile.internal.BasicProfileConfigLoader - Your profile name includes a 'profile ' prefix. This is considered part of the profile name in the Java SDK, so you will need to include this prefix in your profile name when you reference this profile from your Java code.
14:53:22.403 [Test worker] DEBUG com.amazonaws.monitoring.CsmConfigurationProviderChain - Unable to load configuration from com.amazonaws.monitoring.ProfileCsmConfigurationProvider@72a55aa0: The 'default' profile does not define all the required properties!
14:53:22.549 [Test worker] DEBUG com.amazonaws.auth.AWSCredentialsProviderChain - Unable to load credentials from EnvironmentVariableCredentialsProvider: Unable to load AWS credentials from environment variables (AWS_ACCESS_KEY_ID (or AWS_ACCESS_KEY) and AWS_SECRET_KEY (or AWS_SECRET_ACCESS_KEY))
14:53:22.550 [Test worker] DEBUG com.amazonaws.auth.AWSCredentialsProviderChain - Unable to load credentials from SystemPropertiesCredentialsProvider: Unable to load AWS credentials from Java system properties (aws.accessKeyId and aws.secretKey)
14:53:22.550 [Test worker] DEBUG com.amazonaws.auth.AWSCredentialsProviderChain - Unable to load credentials from WebIdentityTokenCredentialsProvider: To use assume role profiles the aws-java-sdk-sts module must be on the class path.
14:53:22.552 [Test worker] DEBUG com.amazonaws.auth.AWSCredentialsProviderChain - Loading credentials from com.amazonaws.auth.profile.ProfileCredentialsProvider@5bc93684
14:53:22.556 [Test worker] DEBUG com.amazonaws.request - Sending Request: POST https://dynamodb.us-west-2.amazonaws.com / Headers: (amz-sdk-invocation-id: 673e3f5a-33e7-c2ab-fbc9-680e474bb335, Content-Length: 369, Content-Type: application/x-amz-json-1.0, User-Agent: aws-sdk-java/1.11.1020 Windows_10/10.0 OpenJDK_64-Bit_Server_VM/11.0.12+7-LTS java/11.0.12 vendor/Amazon.com_Inc. cfg/retry-mode/legacy com.amazonaws.services.dynamodbv2.datamodeling.DynamoDBMapper/1.11.1020, X-Amz-Target: DynamoDB_20120810.UpdateItem, ) 
14:53:22.599 [Test worker] DEBUG com.amazonaws.auth.AWS4Signer - AWS4 Canonical Request: '"POST
/

amz-sdk-invocation-id:673e3f5a-33e7-c2ab-fbc9-680e474bb335
amz-sdk-request:attempt=1;max=11
amz-sdk-retry:0/0/500
content-length:369
content-type:application/x-amz-json-1.0
host:dynamodb.us-west-2.amazonaws.com
user-agent:aws-sdk-java/1.11.1020 Windows_10/10.0 OpenJDK_64-Bit_Server_VM/11.0.12+7-LTS java/11.0.12 vendor/Amazon.com_Inc. cfg/retry-mode/legacy com.amazonaws.services.dynamodbv2.datamodeling.DynamoDBMapper/1.11.1020
x-amz-date:20220404T195322Z
x-amz-target:DynamoDB_20120810.UpdateItem

amz-sdk-invocation-id;amz-sdk-request;amz-sdk-retry;content-length;content-type;host;user-agent;x-amz-date;x-amz-target
06be202205f996dbf26b9089ec42838711c1becf38fc46aaba87ecb18d92c3b6"
14:53:22.599 [Test worker] DEBUG com.amazonaws.auth.AWS4Signer - AWS4 String to Sign: '"AWS4-HMAC-SHA256
20220404T195322Z
20220404/us-west-2/dynamodb/aws4_request
7c78af200e44f7e15fa459316328915d2c173cba8e2d916173adac61bf1524b6"
14:53:22.606 [Test worker] DEBUG com.amazonaws.auth.AWS4Signer - Generating a new signing key as the signing key not available in the cache for the date 1649030400000
14:53:22.622 [Test worker] DEBUG org.apache.http.client.protocol.RequestAddCookies - CookieSpec selected: default
14:53:22.628 [Test worker] DEBUG org.apache.http.client.protocol.RequestAuthCache - Auth cache not set in the context
14:53:22.629 [Test worker] DEBUG org.apache.http.impl.conn.PoolingHttpClientConnectionManager - Connection request: [route: {s}->https://dynamodb.us-west-2.amazonaws.com:443][total available: 0; route allocated: 0 of 50; total allocated: 0 of 50]
14:53:22.641 [Test worker] DEBUG org.apache.http.impl.conn.PoolingHttpClientConnectionManager - Connection leased: [id: 0][route: {s}->https://dynamodb.us-west-2.amazonaws.com:443][total available: 0; route allocated: 1 of 50; total allocated: 1 of 50]
14:53:22.642 [Test worker] DEBUG org.apache.http.impl.execchain.MainClientExec - Opening connection {s}->https://dynamodb.us-west-2.amazonaws.com:443
14:53:22.670 [Test worker] DEBUG org.apache.http.impl.conn.DefaultHttpClientConnectionOperator - Connecting to dynamodb.us-west-2.amazonaws.com/52.94.29.198:443
14:53:22.670 [Test worker] DEBUG com.amazonaws.http.conn.ssl.SdkTLSSocketFactory - connecting to dynamodb.us-west-2.amazonaws.com/52.94.29.198:443
14:53:22.670 [Test worker] DEBUG com.amazonaws.http.conn.ssl.SdkTLSSocketFactory - Connecting socket to dynamodb.us-west-2.amazonaws.com/52.94.29.198:443 with timeout 10000
14:53:22.759 [Test worker] DEBUG com.amazonaws.http.conn.ssl.SdkTLSSocketFactory - Enabled protocols: [TLSv1.3, TLSv1.2, TLSv1.1, TLSv1]
14:53:22.759 [Test worker] DEBUG com.amazonaws.http.conn.ssl.SdkTLSSocketFactory - Enabled cipher suites:[TLS_AES_128_GCM_SHA256, TLS_AES_256_GCM_SHA384, TLS_ECDHE_ECDSA_WITH_AES_256_GCM_SHA384, TLS_ECDHE_ECDSA_WITH_AES_128_GCM_SHA256, TLS_ECDHE_RSA_WITH_AES_256_GCM_SHA384, TLS_RSA_WITH_AES_256_GCM_SHA384, TLS_ECDH_ECDSA_WITH_AES_256_GCM_SHA384, TLS_ECDH_RSA_WITH_AES_256_GCM_SHA384, TLS_DHE_RSA_WITH_AES_256_GCM_SHA384, TLS_DHE_DSS_WITH_AES_256_GCM_SHA384, TLS_ECDHE_RSA_WITH_AES_128_GCM_SHA256, TLS_RSA_WITH_AES_128_GCM_SHA256, TLS_ECDH_ECDSA_WITH_AES_128_GCM_SHA256, TLS_ECDH_RSA_WITH_AES_128_GCM_SHA256, TLS_DHE_RSA_WITH_AES_128_GCM_SHA256, TLS_DHE_DSS_WITH_AES_128_GCM_SHA256, TLS_ECDHE_ECDSA_WITH_AES_256_CBC_SHA384, TLS_ECDHE_RSA_WITH_AES_256_CBC_SHA384, TLS_RSA_WITH_AES_256_CBC_SHA256, TLS_ECDH_ECDSA_WITH_AES_256_CBC_SHA384, TLS_ECDH_RSA_WITH_AES_256_CBC_SHA384, TLS_DHE_RSA_WITH_AES_256_CBC_SHA256, TLS_DHE_DSS_WITH_AES_256_CBC_SHA256, TLS_ECDHE_ECDSA_WITH_AES_256_CBC_SHA, TLS_ECDHE_RSA_WITH_AES_256_CBC_SHA, TLS_RSA_WITH_AES_256_CBC_SHA, TLS_ECDH_ECDSA_WITH_AES_256_CBC_SHA, TLS_ECDH_RSA_WITH_AES_256_CBC_SHA, TLS_DHE_RSA_WITH_AES_256_CBC_SHA, TLS_DHE_DSS_WITH_AES_256_CBC_SHA, TLS_ECDHE_ECDSA_WITH_AES_128_CBC_SHA256, TLS_ECDHE_RSA_WITH_AES_128_CBC_SHA256, TLS_RSA_WITH_AES_128_CBC_SHA256, TLS_ECDH_ECDSA_WITH_AES_128_CBC_SHA256, TLS_ECDH_RSA_WITH_AES_128_CBC_SHA256, TLS_DHE_RSA_WITH_AES_128_CBC_SHA256, TLS_DHE_DSS_WITH_AES_128_CBC_SHA256, TLS_ECDHE_ECDSA_WITH_AES_128_CBC_SHA, TLS_ECDHE_RSA_WITH_AES_128_CBC_SHA, TLS_RSA_WITH_AES_128_CBC_SHA, TLS_ECDH_ECDSA_WITH_AES_128_CBC_SHA, TLS_ECDH_RSA_WITH_AES_128_CBC_SHA, TLS_DHE_RSA_WITH_AES_128_CBC_SHA, TLS_DHE_DSS_WITH_AES_128_CBC_SHA, TLS_EMPTY_RENEGOTIATION_INFO_SCSV]
14:53:22.759 [Test worker] DEBUG com.amazonaws.http.conn.ssl.SdkTLSSocketFactory - socket.getSupportedProtocols(): [TLSv1.3, TLSv1.2, TLSv1.1, TLSv1, SSLv3, SSLv2Hello], socket.getEnabledProtocols(): [TLSv1.3, TLSv1.2, TLSv1.1, TLSv1]
14:53:22.760 [Test worker] DEBUG com.amazonaws.http.conn.ssl.SdkTLSSocketFactory - TLS protocol enabled for SSL handshake: [TLSv1.2, TLSv1.1, TLSv1, TLSv1.3]
14:53:22.760 [Test worker] DEBUG com.amazonaws.http.conn.ssl.SdkTLSSocketFactory - Starting handshake
14:53:23.009 [Test worker] DEBUG com.amazonaws.http.conn.ssl.SdkTLSSocketFactory - Secure session established
14:53:23.009 [Test worker] DEBUG com.amazonaws.http.conn.ssl.SdkTLSSocketFactory -  negotiated protocol: TLSv1.2
14:53:23.009 [Test worker] DEBUG com.amazonaws.http.conn.ssl.SdkTLSSocketFactory -  negotiated cipher suite: TLS_ECDHE_RSA_WITH_AES_128_GCM_SHA256
14:53:23.009 [Test worker] DEBUG com.amazonaws.http.conn.ssl.SdkTLSSocketFactory -  peer principal: CN=dynamodb.us-west-2.amazonaws.com
14:53:23.009 [Test worker] DEBUG com.amazonaws.http.conn.ssl.SdkTLSSocketFactory -  peer alternative names: [dynamodb.us-west-2.amazonaws.com, *.ddb.us-west-2.amazonaws.com]
14:53:23.009 [Test worker] DEBUG com.amazonaws.http.conn.ssl.SdkTLSSocketFactory -  issuer principal: CN=Amazon, OU=Server CA 1B, O=Amazon, C=US
14:53:23.012 [Test worker] DEBUG com.amazonaws.internal.SdkSSLSocket - created: dynamodb.us-west-2.amazonaws.com/52.94.29.198:443
14:53:23.013 [Test worker] DEBUG org.apache.http.impl.conn.DefaultHttpClientConnectionOperator - Connection established 192.168.0.37:55009<->52.94.29.198:443
14:53:23.013 [Test worker] DEBUG org.apache.http.impl.conn.DefaultManagedHttpClientConnection - http-outgoing-0: set socket timeout to 50000
14:53:23.013 [Test worker] DEBUG org.apache.http.impl.execchain.MainClientExec - Executing request POST / HTTP/1.1
14:53:23.013 [Test worker] DEBUG org.apache.http.impl.execchain.MainClientExec - Proxy auth state: UNCHALLENGED
14:53:23.014 [Test worker] DEBUG org.apache.http.headers - http-outgoing-0 >> POST / HTTP/1.1
14:53:23.015 [Test worker] DEBUG org.apache.http.headers - http-outgoing-0 >> Host: dynamodb.us-west-2.amazonaws.com
14:53:23.015 [Test worker] DEBUG org.apache.http.headers - http-outgoing-0 >> amz-sdk-invocation-id: 673e3f5a-33e7-c2ab-fbc9-680e474bb335
14:53:23.015 [Test worker] DEBUG org.apache.http.headers - http-outgoing-0 >> amz-sdk-request: attempt=1;max=11
14:53:23.015 [Test worker] DEBUG org.apache.http.headers - http-outgoing-0 >> amz-sdk-retry: 0/0/500
14:53:23.015 [Test worker] DEBUG org.apache.http.headers - http-outgoing-0 >> Authorization: AWS4-HMAC-SHA256 Credential=AKIAXGTLW5JEH6AZZZNT/20220404/us-west-2/dynamodb/aws4_request, SignedHeaders=amz-sdk-invocation-id;amz-sdk-request;amz-sdk-retry;content-length;content-type;host;user-agent;x-amz-date;x-amz-target, Signature=6e44f4534286f179f09781ba576796433bc316b99cb577cd226638688d071203
14:53:23.015 [Test worker] DEBUG org.apache.http.headers - http-outgoing-0 >> Content-Type: application/x-amz-json-1.0
14:53:23.015 [Test worker] DEBUG org.apache.http.headers - http-outgoing-0 >> User-Agent: aws-sdk-java/1.11.1020 Windows_10/10.0 OpenJDK_64-Bit_Server_VM/11.0.12+7-LTS java/11.0.12 vendor/Amazon.com_Inc. cfg/retry-mode/legacy com.amazonaws.services.dynamodbv2.datamodeling.DynamoDBMapper/1.11.1020
14:53:23.015 [Test worker] DEBUG org.apache.http.headers - http-outgoing-0 >> X-Amz-Date: 20220404T195322Z
14:53:23.015 [Test worker] DEBUG org.apache.http.headers - http-outgoing-0 >> X-Amz-Target: DynamoDB_20120810.UpdateItem
14:53:23.015 [Test worker] DEBUG org.apache.http.headers - http-outgoing-0 >> Content-Length: 369
14:53:23.015 [Test worker] DEBUG org.apache.http.headers - http-outgoing-0 >> Connection: Keep-Alive
14:53:23.016 [Test worker] DEBUG org.apache.http.wire - http-outgoing-0 >> "POST / HTTP/1.1[\r][\n]"
14:53:23.016 [Test worker] DEBUG org.apache.http.wire - http-outgoing-0 >> "Host: dynamodb.us-west-2.amazonaws.com[\r][\n]"
14:53:23.016 [Test worker] DEBUG org.apache.http.wire - http-outgoing-0 >> "amz-sdk-invocation-id: 673e3f5a-33e7-c2ab-fbc9-680e474bb335[\r][\n]"
14:53:23.016 [Test worker] DEBUG org.apache.http.wire - http-outgoing-0 >> "amz-sdk-request: attempt=1;max=11[\r][\n]"
14:53:23.016 [Test worker] DEBUG org.apache.http.wire - http-outgoing-0 >> "amz-sdk-retry: 0/0/500[\r][\n]"
14:53:23.016 [Test worker] DEBUG org.apache.http.wire - http-outgoing-0 >> "Authorization: AWS4-HMAC-SHA256 Credential=AKIAXGTLW5JEH6AZZZNT/20220404/us-west-2/dynamodb/aws4_request, SignedHeaders=amz-sdk-invocation-id;amz-sdk-request;amz-sdk-retry;content-length;content-type;host;user-agent;x-amz-date;x-amz-target, Signature=6e44f4534286f179f09781ba576796433bc316b99cb577cd226638688d071203[\r][\n]"
14:53:23.016 [Test worker] DEBUG org.apache.http.wire - http-outgoing-0 >> "Content-Type: application/x-amz-json-1.0[\r][\n]"
14:53:23.016 [Test worker] DEBUG org.apache.http.wire - http-outgoing-0 >> "User-Agent: aws-sdk-java/1.11.1020 Windows_10/10.0 OpenJDK_64-Bit_Server_VM/11.0.12+7-LTS java/11.0.12 vendor/Amazon.com_Inc. cfg/retry-mode/legacy com.amazonaws.services.dynamodbv2.datamodeling.DynamoDBMapper/1.11.1020[\r][\n]"
14:53:23.016 [Test worker] DEBUG org.apache.http.wire - http-outgoing-0 >> "X-Amz-Date: 20220404T195322Z[\r][\n]"
14:53:23.016 [Test worker] DEBUG org.apache.http.wire - http-outgoing-0 >> "X-Amz-Target: DynamoDB_20120810.UpdateItem[\r][\n]"
14:53:23.017 [Test worker] DEBUG org.apache.http.wire - http-outgoing-0 >> "Content-Length: 369[\r][\n]"
14:53:23.017 [Test worker] DEBUG org.apache.http.wire - http-outgoing-0 >> "Connection: Keep-Alive[\r][\n]"
14:53:23.017 [Test worker] DEBUG org.apache.http.wire - http-outgoing-0 >> "[\r][\n]"
14:53:23.017 [Test worker] DEBUG org.apache.http.wire - http-outgoing-0 >> "{"TableName":"stores","Key":{"storeId":{"S":"Nz6FP"}},"AttributeUpdates":{"popularity":{"Value":{"N":"0"},"Action":"PUT"},"name":{"Value":{"S":"Abercrombie & Fitch"},"Action":"PUT"},"categories":{"Value":{"L":[{"S":"women's apparel"},{"S":"men's apparel"},{"S":"children's apparel"}]},"Action":"PUT"},"items":{"Value":{"L":[]},"Action":"PUT"}},"ReturnValues":"ALL_NEW"}"
14:53:23.107 [Test worker] DEBUG org.apache.http.wire - http-outgoing-0 << "HTTP/1.1 400 Bad Request[\r][\n]"
14:53:23.107 [Test worker] DEBUG org.apache.http.wire - http-outgoing-0 << "Server: Server[\r][\n]"
14:53:23.107 [Test worker] DEBUG org.apache.http.wire - http-outgoing-0 << "Date: Mon, 04 Apr 2022 19:53:24 GMT[\r][\n]"
14:53:23.107 [Test worker] DEBUG org.apache.http.wire - http-outgoing-0 << "Content-Type: application/x-amz-json-1.0[\r][\n]"
14:53:23.107 [Test worker] DEBUG org.apache.http.wire - http-outgoing-0 << "Content-Length: 112[\r][\n]"
14:53:23.107 [Test worker] DEBUG org.apache.http.wire - http-outgoing-0 << "Connection: keep-alive[\r][\n]"
14:53:23.108 [Test worker] DEBUG org.apache.http.wire - http-outgoing-0 << "x-amzn-RequestId: V14LTDACNET6BVHC792VMJJ7FBVV4KQNSO5AEMVJF66Q9ASUAAJG[\r][\n]"
14:53:23.108 [Test worker] DEBUG org.apache.http.wire - http-outgoing-0 << "x-amz-crc32: 3737639027[\r][\n]"
14:53:23.108 [Test worker] DEBUG org.apache.http.wire - http-outgoing-0 << "[\r][\n]"
14:53:23.108 [Test worker] DEBUG org.apache.http.wire - http-outgoing-0 << "{"__type":"com.amazonaws.dynamodb.v20120810#ResourceNotFoundException","message":"Requested resource not found"}"
14:53:23.110 [Test worker] DEBUG org.apache.http.headers - http-outgoing-0 << HTTP/1.1 400 Bad Request
14:53:23.110 [Test worker] DEBUG org.apache.http.headers - http-outgoing-0 << Server: Server
14:53:23.110 [Test worker] DEBUG org.apache.http.headers - http-outgoing-0 << Date: Mon, 04 Apr 2022 19:53:24 GMT
14:53:23.110 [Test worker] DEBUG org.apache.http.headers - http-outgoing-0 << Content-Type: application/x-amz-json-1.0
14:53:23.110 [Test worker] DEBUG org.apache.http.headers - http-outgoing-0 << Content-Length: 112
14:53:23.110 [Test worker] DEBUG org.apache.http.headers - http-outgoing-0 << Connection: keep-alive
14:53:23.110 [Test worker] DEBUG org.apache.http.headers - http-outgoing-0 << x-amzn-RequestId: V14LTDACNET6BVHC792VMJJ7FBVV4KQNSO5AEMVJF66Q9ASUAAJG
14:53:23.110 [Test worker] DEBUG org.apache.http.headers - http-outgoing-0 << x-amz-crc32: 3737639027
14:53:23.113 [Test worker] DEBUG org.apache.http.impl.execchain.MainClientExec - Connection can be kept alive for 60000 MILLISECONDS
14:53:23.116 [Test worker] DEBUG com.amazonaws.retry.ClockSkewAdjuster - Reported server date (from 'Date' header): Mon, 04 Apr 2022 19:53:24 GMT
14:53:23.123 [Test worker] DEBUG org.apache.http.impl.conn.PoolingHttpClientConnectionManager - Connection [id: 0][route: {s}->https://dynamodb.us-west-2.amazonaws.com:443] can be kept alive for 60.0 seconds
14:53:23.123 [Test worker] DEBUG org.apache.http.impl.conn.DefaultManagedHttpClientConnection - http-outgoing-0: set socket timeout to 0
14:53:23.124 [Test worker] DEBUG org.apache.http.impl.conn.PoolingHttpClientConnectionManager - Connection released: [id: 0][route: {s}->https://dynamodb.us-west-2.amazonaws.com:443][total available: 1; route allocated: 1 of 50; total allocated: 1 of 50]
14:53:23.129 [Test worker] DEBUG com.amazonaws.request - Received error response: com.amazonaws.services.dynamodbv2.model.ResourceNotFoundException: Requested resource not found (Service: AmazonDynamoDBv2; Status Code: 400; Error Code: ResourceNotFoundException; Request ID: V14LTDACNET6BVHC792VMJJ7FBVV4KQNSO5AEMVJF66Q9ASUAAJG; Proxy: null)
]]></system-out>
  <system-err><![CDATA[]]></system-err>
</testsuite>
